2022-01-12 15:05:57,166:INFO:PyCaret Supervised Module
2022-01-12 15:05:57,166:INFO:ML Usecase: classification
2022-01-12 15:05:57,166:INFO:version 2.3.5
2022-01-12 15:05:57,166:INFO:Initializing setup()
2022-01-12 15:05:57,166:INFO:setup(target=survived, ml_usecase=classification, available_plots={'parameter': 'Hyperparameters', 'auc': 'AUC', 'confusion_matrix': 'Confusion Matrix', 'threshold': 'Threshold', 'pr': 'Precision Recall', 'error': 'Prediction Error', 'class_report': 'Class Report', 'rfe': 'Feature Selection', 'learning': 'Learning Curve', 'manifold': 'Manifold Learning', 'calibration': 'Calibration Curve', 'vc': 'Validation Curve', 'dimension': 'Dimensions', 'feature': 'Feature Importance', 'feature_all': 'Feature Importance (All)', 'boundary': 'Decision Boundary', 'lift': 'Lift Chart', 'gain': 'Gain Chart', 'tree': 'Decision Tree', 'ks': 'KS Statistic Plot'}, train_size=0.7, test_data=None, preprocess=False, imputation_type=simple, iterative_imputation_iters=5, categorical_features=None, categorical_imputation=constant, categorical_iterative_imputer=lightgbm, ordinal_features=None, high_cardinality_features=None, high_cardinality_method=frequency, numeric_features=None, numeric_imputation=mean, numeric_iterative_imputer=lightgbm, date_features=None, ignore_features=None, normalize=False, normalize_method=zscore, transformation=False, transformation_method=yeo-johnson, handle_unknown_categorical=True, unknown_categorical_method=least_frequent, pca=False, pca_method=linear, pca_components=None, ignore_low_variance=False, combine_rare_levels=False, rare_level_threshold=0.1, bin_numeric_features=None, remove_outliers=False, outliers_threshold=0.05, remove_multicollinearity=False, multicollinearity_threshold=0.9, remove_perfect_collinearity=True, create_clusters=False, cluster_iter=20, polynomial_features=False, polynomial_degree=2, trigonometry_features=False, polynomial_threshold=0.1, group_features=None, group_names=None, feature_selection=False, feature_selection_threshold=0.8, feature_selection_method=classic, feature_interaction=False, feature_ratio=False, interaction_threshold=0.01, fix_imbalance=False, fix_imbalance_method=None, transform_target=False, transform_target_method=box-cox, data_split_shuffle=True, data_split_stratify=False, fold_strategy=stratifiedkfold, fold=10, fold_shuffle=False, fold_groups=None, n_jobs=-1, use_gpu=False, custom_pipeline=None, html=True, session_id=123, log_experiment=False, experiment_name=None, log_plots=False, log_profile=False, log_data=False, silent=True, verbose=True, profile=False, profile_kwargs=None, display=None)
2022-01-12 15:05:57,166:INFO:Checking environment
2022-01-12 15:05:57,166:INFO:python_version: 3.8.12
2022-01-12 15:05:57,166:INFO:python_build: ('default', 'Oct 12 2021 21:59:51')
2022-01-12 15:05:57,166:INFO:machine: x86_64
2022-01-12 15:05:57,166:INFO:platform: Linux-5.15.12-100.fc34.x86_64-x86_64-with-glibc2.10
2022-01-12 15:05:57,167:INFO:Memory: svmem(total=16094121984, available=11922677760, percent=25.9, used=3729518592, free=5713825792, active=2265554944, inactive=7430504448, buffers=2772992, cached=6648004608, shared=112263168, slab=326881280)
2022-01-12 15:05:57,167:INFO:Physical Core: 6
2022-01-12 15:05:57,167:INFO:Logical Core: 12
2022-01-12 15:05:57,167:INFO:Checking libraries
2022-01-12 15:05:57,167:INFO:pd==1.3.4
2022-01-12 15:05:57,167:INFO:numpy==1.19.5
2022-01-12 15:05:57,167:INFO:sklearn==0.23.2
2022-01-12 15:05:57,167:INFO:lightgbm==3.3.1
2022-01-12 15:05:57,167:WARNING:catboost not found
2022-01-12 15:05:57,168:WARNING:xgboost not found
2022-01-12 15:05:57,382:INFO:mlflow==1.22.0
2022-01-12 15:05:57,382:INFO:Checking Exceptions
2022-01-12 15:05:57,382:INFO:Declaring global variables
2022-01-12 15:05:57,382:INFO:USI: ac42
2022-01-12 15:05:57,382:INFO:pycaret_globals: {'fix_imbalance_param', 'y', '_all_models_internal', 'transform_target_param', 'stratify_param', 'X_test', 'data_before_preprocess', '_ml_usecase', 'X', 'target_param', 'imputation_classifier', '_internal_pipeline', 'html_param', 'transform_target_method_param', 'X_train', 'fold_param', 'prep_pipe', '_all_models', 'seed', 'fold_groups_param', 'y_test', 'n_jobs_param', 'master_model_container', 'fold_shuffle_param', 'fix_imbalance_method_param', 'fold_groups_param_full', 'fold_generator', 'experiment__', '_all_metrics', 'imputation_regressor', '_available_plots', 'y_train', 'create_model_container', 'gpu_param', 'iterative_imputation_iters_param', 'logging_param', 'exp_name_log', 'pycaret_globals', 'USI', 'display_container', '_gpu_n_jobs_param', 'log_plots_param'}
2022-01-12 15:05:57,383:INFO:Preparing display monitor
2022-01-12 15:05:57,383:INFO:Preparing display monitor
2022-01-12 15:05:57,392:INFO:Importing libraries
2022-01-12 15:05:57,392:INFO:Copying data for preprocessing
2022-01-12 15:05:57,398:INFO:Declaring preprocessing parameters
2022-01-12 15:05:57,399:INFO:Creating preprocessing pipeline
2022-01-12 15:05:57,403:INFO:Preprocessing pipeline created successfully
2022-01-12 15:05:57,404:ERROR:(Process Exit): setup has been interupted with user command 'quit'. setup must rerun.
2022-01-12 15:05:57,404:INFO:Creating global containers
2022-01-12 15:05:57,405:INFO:Internal pipeline: Pipeline(memory=None, steps=[('empty_step', 'passthrough')], verbose=False)
2022-01-12 15:05:57,522:WARNING:Couldn't import xgboost.XGBClassifier
2022-01-12 15:05:57,523:WARNING:Couldn't import catboost.CatBoostClassifier
2022-01-12 15:05:57,587:WARNING:Couldn't import xgboost.XGBClassifier
2022-01-12 15:05:57,588:WARNING:Couldn't import catboost.CatBoostClassifier
2022-01-12 15:05:57,588:INFO:Creating grid variables
2022-01-12 15:05:57,596:INFO:create_model_container: 0
2022-01-12 15:05:57,596:INFO:master_model_container: 0
2022-01-12 15:05:57,596:INFO:display_container: 1
2022-01-12 15:05:57,597:INFO:Pipeline(memory=None,
         steps=[('dtypes',
                 DataTypes_Auto_infer(categorical_features=[],
                                      display_types=False, features_todrop=[],
                                      id_columns=[],
                                      ml_usecase='classification',
                                      numerical_features=[], target='survived',
                                      time_features=[]))],
         verbose=False)
2022-01-12 15:05:57,597:INFO:setup() succesfully completed......................................
2022-01-12 15:05:57,675:INFO:Initializing create_model()
2022-01-12 15:05:57,675:INFO:create_model(estimator=rf, fold=None, round=4, cross_validation=True, predict=True, fit_kwargs=None, groups=None, refit=True, verbose=True, system=True, metrics=None, add_to_model_list=True, probability_threshold=None, display=None, kwargs={})
2022-01-12 15:05:57,675:INFO:Checking exceptions
2022-01-12 15:05:57,675:INFO:Preparing display monitor
2022-01-12 15:05:57,690:INFO:Importing libraries
2022-01-12 15:05:57,690:INFO:Copying training dataset
2022-01-12 15:05:57,691:INFO:Defining folds
2022-01-12 15:05:57,691:INFO:Declaring metric variables
2022-01-12 15:05:57,697:INFO:Importing untrained model
2022-01-12 15:05:57,708:INFO:Random Forest Classifier Imported succesfully
2022-01-12 15:05:57,725:INFO:Starting cross validation
2022-01-12 15:05:57,725:INFO:Cross validating with StratifiedKFold(n_splits=10, random_state=None, shuffle=False), n_jobs=-1
2022-01-12 15:06:00,556:INFO:Calculating mean and std
2022-01-12 15:06:00,557:INFO:Creating metrics dataframe
2022-01-12 15:06:00,570:INFO:Finalizing model
2022-01-12 15:06:00,838:INFO:Uploading results into container
2022-01-12 15:06:00,839:INFO:Uploading model into container now
2022-01-12 15:06:00,866:INFO:create_model_container: 1
2022-01-12 15:06:00,866:INFO:master_model_container: 1
2022-01-12 15:06:00,866:INFO:display_container: 2
2022-01-12 15:06:00,867:INFO:RandomForestClassifier(bootstrap=True, ccp_alpha=0.0, class_weight=None,
                       criterion='gini', max_depth=None, max_features='auto',
                       max_leaf_nodes=None, max_samples=None,
                       min_impurity_decrease=0.0, min_impurity_split=None,
                       min_samples_leaf=1, min_samples_split=2,
                       min_weight_fraction_leaf=0.0, n_estimators=100,
                       n_jobs=-1, oob_score=False, random_state=123, verbose=0,
                       warm_start=False)
2022-01-12 15:06:00,867:INFO:create_model() succesfully completed......................................
2022-01-12 15:06:00,963:INFO:Initializing tune_model()
2022-01-12 15:06:00,963:INFO:tune_model(estimator=RandomForestClassifier(bootstrap=True, ccp_alpha=0.0, class_weight=None,
                       criterion='gini', max_depth=None, max_features='auto',
                       max_leaf_nodes=None, max_samples=None,
                       min_impurity_decrease=0.0, min_impurity_split=None,
                       min_samples_leaf=1, min_samples_split=2,
                       min_weight_fraction_leaf=0.0, n_estimators=100,
                       n_jobs=-1, oob_score=False, random_state=123, verbose=0,
                       warm_start=False), fold=None, round=4, n_iter=10, custom_grid=None, optimize=Accuracy, custom_scorer=None, search_library=scikit-learn, search_algorithm=None, early_stopping=True, early_stopping_max_iters=10, choose_better=False, fit_kwargs=None, groups=None, return_tuner=False, verbose=True, tuner_verbose=True, display=None, kwargs={})
2022-01-12 15:06:00,963:INFO:Checking exceptions
2022-01-12 15:06:00,963:INFO:Preparing display monitor
2022-01-12 15:06:00,977:INFO:Copying training dataset
2022-01-12 15:06:00,978:INFO:Checking base model
2022-01-12 15:06:00,978:INFO:Base model : Random Forest Classifier
2022-01-12 15:06:00,987:INFO:Declaring metric variables
2022-01-12 15:06:00,994:INFO:Defining Hyperparameters
2022-01-12 15:06:01,075:INFO:Tuning with n_jobs=-1
2022-01-12 15:06:01,075:INFO:Initializing RandomizedSearchCV
2022-01-12 15:06:05,561:INFO:best_params: {'actual_estimator__n_estimators': 190, 'actual_estimator__min_samples_split': 9, 'actual_estimator__min_samples_leaf': 6, 'actual_estimator__min_impurity_decrease': 0.001, 'actual_estimator__max_features': 'log2', 'actual_estimator__max_depth': 6, 'actual_estimator__criterion': 'gini', 'actual_estimator__class_weight': 'balanced_subsample', 'actual_estimator__bootstrap': False}
2022-01-12 15:06:05,562:INFO:Hyperparameter search completed
2022-01-12 15:06:05,562:INFO:SubProcess create_model() called ==================================
2022-01-12 15:06:05,563:INFO:Initializing create_model()
2022-01-12 15:06:05,563:INFO:create_model(estimator=RandomForestClassifier(bootstrap=True, ccp_alpha=0.0, class_weight=None,
                       criterion='gini', max_depth=None, max_features='auto',
                       max_leaf_nodes=None, max_samples=None,
                       min_impurity_decrease=0.0, min_impurity_split=None,
                       min_samples_leaf=1, min_samples_split=2,
                       min_weight_fraction_leaf=0.0, n_estimators=100,
                       n_jobs=-1, oob_score=False, random_state=123, verbose=0,
                       warm_start=False), fold=StratifiedKFold(n_splits=10, random_state=None, shuffle=False), round=4, cross_validation=True, predict=True, fit_kwargs={}, groups=None, refit=True, verbose=True, system=False, metrics=None, add_to_model_list=True, probability_threshold=None, display=<pycaret.internal.Display.Display object at 0x7fe0ac3e1340>, kwargs={'n_estimators': 190, 'min_samples_split': 9, 'min_samples_leaf': 6, 'min_impurity_decrease': 0.001, 'max_features': 'log2', 'max_depth': 6, 'criterion': 'gini', 'class_weight': 'balanced_subsample', 'bootstrap': False})
2022-01-12 15:06:05,564:INFO:Checking exceptions
2022-01-12 15:06:05,564:INFO:Importing libraries
2022-01-12 15:06:05,564:INFO:Copying training dataset
2022-01-12 15:06:05,565:INFO:Defining folds
2022-01-12 15:06:05,565:INFO:Declaring metric variables
2022-01-12 15:06:05,579:INFO:Importing untrained model
2022-01-12 15:06:05,579:INFO:Declaring custom model
2022-01-12 15:06:05,598:INFO:Random Forest Classifier Imported succesfully
2022-01-12 15:06:05,627:INFO:Starting cross validation
2022-01-12 15:06:05,628:INFO:Cross validating with StratifiedKFold(n_splits=10, random_state=None, shuffle=False), n_jobs=-1
2022-01-12 15:06:06,237:INFO:Calculating mean and std
2022-01-12 15:06:06,238:INFO:Creating metrics dataframe
2022-01-12 15:06:06,248:INFO:Finalizing model
2022-01-12 15:06:06,696:INFO:Uploading results into container
2022-01-12 15:06:06,696:INFO:Uploading model into container now
2022-01-12 15:06:06,696:INFO:create_model_container: 2
2022-01-12 15:06:06,696:INFO:master_model_container: 2
2022-01-12 15:06:06,696:INFO:display_container: 3
2022-01-12 15:06:06,697:INFO:RandomForestClassifier(bootstrap=False, ccp_alpha=0.0,
                       class_weight='balanced_subsample', criterion='gini',
                       max_depth=6, max_features='log2', max_leaf_nodes=None,
                       max_samples=None, min_impurity_decrease=0.001,
                       min_impurity_split=None, min_samples_leaf=6,
                       min_samples_split=9, min_weight_fraction_leaf=0.0,
                       n_estimators=190, n_jobs=-1, oob_score=False,
                       random_state=123, verbose=0, warm_start=False)
2022-01-12 15:06:06,697:INFO:create_model() succesfully completed......................................
2022-01-12 15:06:06,786:INFO:SubProcess create_model() end ==================================
2022-01-12 15:06:06,795:INFO:create_model_container: 2
2022-01-12 15:06:06,795:INFO:master_model_container: 2
2022-01-12 15:06:06,795:INFO:display_container: 3
2022-01-12 15:06:06,795:INFO:RandomForestClassifier(bootstrap=False, ccp_alpha=0.0,
                       class_weight='balanced_subsample', criterion='gini',
                       max_depth=6, max_features='log2', max_leaf_nodes=None,
                       max_samples=None, min_impurity_decrease=0.001,
                       min_impurity_split=None, min_samples_leaf=6,
                       min_samples_split=9, min_weight_fraction_leaf=0.0,
                       n_estimators=190, n_jobs=-1, oob_score=False,
                       random_state=123, verbose=0, warm_start=False)
2022-01-12 15:06:06,796:INFO:tune_model() succesfully completed......................................
2022-01-12 15:06:06,873:INFO:Initializing interpret_model()
2022-01-12 15:06:06,874:INFO:interpret_model(estimator=RandomForestClassifier(bootstrap=True, ccp_alpha=0.0, class_weight=None,
                       criterion='gini', max_depth=None, max_features='auto',
                       max_leaf_nodes=None, max_samples=None,
                       min_impurity_decrease=0.0, min_impurity_split=None,
                       min_samples_leaf=1, min_samples_split=2,
                       min_weight_fraction_leaf=0.0, n_estimators=100,
                       n_jobs=-1, oob_score=False, random_state=123, verbose=0,
                       warm_start=False), use_train_data=False, X_new_sample=None, y_new_sample=None, feature=None, kwargs={}, observation=None, plot=summary, save=False)
2022-01-12 15:06:06,874:INFO:Checking exceptions
2022-01-12 15:06:06,957:INFO:plot type: summary
2022-01-12 15:06:06,957:INFO:Creating TreeExplainer
2022-01-12 15:06:06,963:INFO:Compiling shap values
2022-01-12 15:06:09,302:INFO:Visual Rendered Successfully
2022-01-12 15:06:09,302:INFO:interpret_model() succesfully completed......................................
2022-01-12 15:06:09,386:INFO:Initializing interpret_model()
2022-01-12 15:06:09,386:INFO:interpret_model(estimator=RandomForestClassifier(bootstrap=True, ccp_alpha=0.0, class_weight=None,
                       criterion='gini', max_depth=None, max_features='auto',
                       max_leaf_nodes=None, max_samples=None,
                       min_impurity_decrease=0.0, min_impurity_split=None,
                       min_samples_leaf=1, min_samples_split=2,
                       min_weight_fraction_leaf=0.0, n_estimators=100,
                       n_jobs=-1, oob_score=False, random_state=123, verbose=0,
                       warm_start=False), use_train_data=False, X_new_sample=None, y_new_sample=None, feature=None, kwargs={}, observation=None, plot=reason, save=False)
2022-01-12 15:06:09,386:INFO:Checking exceptions
2022-01-12 15:06:09,386:INFO:plot type: reason
2022-01-12 15:06:09,386:INFO:model type detected: type 1
2022-01-12 15:06:09,386:INFO:Creating TreeExplainer
2022-01-12 15:06:09,395:INFO:Compiling shap values
2022-01-12 15:06:09,395:WARNING:Observation set to None. Model agnostic plot will be rendered.
2022-01-12 15:06:11,491:INFO:Visual Rendered Successfully
2022-01-12 15:06:11,492:INFO:interpret_model() succesfully completed......................................
2022-01-12 15:27:12,551:INFO:PyCaret Supervised Module
2022-01-12 15:27:12,551:INFO:ML Usecase: classification
2022-01-12 15:27:12,551:INFO:version 2.3.5
2022-01-12 15:27:12,551:INFO:Initializing setup()
2022-01-12 15:27:12,551:INFO:setup(target=survived, ml_usecase=classification, available_plots={'parameter': 'Hyperparameters', 'auc': 'AUC', 'confusion_matrix': 'Confusion Matrix', 'threshold': 'Threshold', 'pr': 'Precision Recall', 'error': 'Prediction Error', 'class_report': 'Class Report', 'rfe': 'Feature Selection', 'learning': 'Learning Curve', 'manifold': 'Manifold Learning', 'calibration': 'Calibration Curve', 'vc': 'Validation Curve', 'dimension': 'Dimensions', 'feature': 'Feature Importance', 'feature_all': 'Feature Importance (All)', 'boundary': 'Decision Boundary', 'lift': 'Lift Chart', 'gain': 'Gain Chart', 'tree': 'Decision Tree', 'ks': 'KS Statistic Plot'}, train_size=0.7, test_data=None, preprocess=False, imputation_type=simple, iterative_imputation_iters=5, categorical_features=None, categorical_imputation=constant, categorical_iterative_imputer=lightgbm, ordinal_features=None, high_cardinality_features=None, high_cardinality_method=frequency, numeric_features=None, numeric_imputation=mean, numeric_iterative_imputer=lightgbm, date_features=None, ignore_features=None, normalize=False, normalize_method=zscore, transformation=False, transformation_method=yeo-johnson, handle_unknown_categorical=True, unknown_categorical_method=least_frequent, pca=False, pca_method=linear, pca_components=None, ignore_low_variance=False, combine_rare_levels=False, rare_level_threshold=0.1, bin_numeric_features=None, remove_outliers=False, outliers_threshold=0.05, remove_multicollinearity=False, multicollinearity_threshold=0.9, remove_perfect_collinearity=True, create_clusters=False, cluster_iter=20, polynomial_features=False, polynomial_degree=2, trigonometry_features=False, polynomial_threshold=0.1, group_features=None, group_names=None, feature_selection=False, feature_selection_threshold=0.8, feature_selection_method=classic, feature_interaction=False, feature_ratio=False, interaction_threshold=0.01, fix_imbalance=False, fix_imbalance_method=None, transform_target=False, transform_target_method=box-cox, data_split_shuffle=True, data_split_stratify=False, fold_strategy=stratifiedkfold, fold=10, fold_shuffle=False, fold_groups=None, n_jobs=-1, use_gpu=False, custom_pipeline=None, html=True, session_id=123, log_experiment=False, experiment_name=None, log_plots=False, log_profile=False, log_data=False, silent=True, verbose=True, profile=False, profile_kwargs=None, display=None)
2022-01-12 15:27:12,551:INFO:Checking environment
2022-01-12 15:27:12,551:INFO:python_version: 3.8.12
2022-01-12 15:27:12,552:INFO:python_build: ('default', 'Oct 12 2021 21:59:51')
2022-01-12 15:27:12,552:INFO:machine: x86_64
2022-01-12 15:27:12,552:INFO:platform: Linux-5.15.12-100.fc34.x86_64-x86_64-with-glibc2.10
2022-01-12 15:27:12,552:INFO:Memory: svmem(total=16094121984, available=11613106176, percent=27.8, used=4004163584, free=5017255936, active=2496589824, inactive=7878438912, buffers=2772992, cached=7069929472, shared=143683584, slab=339595264)
2022-01-12 15:27:12,552:INFO:Physical Core: 6
2022-01-12 15:27:12,553:INFO:Logical Core: 12
2022-01-12 15:27:12,553:INFO:Checking libraries
2022-01-12 15:27:12,553:INFO:pd==1.3.4
2022-01-12 15:27:12,553:INFO:numpy==1.19.5
2022-01-12 15:27:12,553:INFO:sklearn==0.23.2
2022-01-12 15:27:12,553:INFO:lightgbm==3.3.1
2022-01-12 15:27:12,553:WARNING:catboost not found
2022-01-12 15:27:12,553:WARNING:xgboost not found
2022-01-12 15:27:12,553:INFO:mlflow==1.22.0
2022-01-12 15:27:12,553:INFO:Checking Exceptions
2022-01-12 15:27:12,553:INFO:Declaring global variables
2022-01-12 15:27:12,553:INFO:USI: af4b
2022-01-12 15:27:12,553:INFO:pycaret_globals: {'fix_imbalance_param', 'y', '_all_models_internal', 'transform_target_param', 'stratify_param', 'X_test', 'data_before_preprocess', '_ml_usecase', 'X', 'target_param', 'imputation_classifier', '_internal_pipeline', 'html_param', 'transform_target_method_param', 'X_train', 'fold_param', 'prep_pipe', '_all_models', 'seed', 'fold_groups_param', 'y_test', 'n_jobs_param', 'master_model_container', 'fold_shuffle_param', 'fix_imbalance_method_param', 'fold_groups_param_full', 'fold_generator', 'experiment__', '_all_metrics', 'imputation_regressor', '_available_plots', 'y_train', 'create_model_container', 'gpu_param', 'iterative_imputation_iters_param', 'logging_param', 'exp_name_log', 'pycaret_globals', 'USI', 'display_container', '_gpu_n_jobs_param', 'log_plots_param'}
2022-01-12 15:27:12,553:INFO:Preparing display monitor
2022-01-12 15:27:12,553:INFO:Preparing display monitor
2022-01-12 15:27:12,562:INFO:Importing libraries
2022-01-12 15:27:12,563:INFO:Copying data for preprocessing
2022-01-12 15:27:12,568:INFO:Declaring preprocessing parameters
2022-01-12 15:27:12,569:INFO:Creating preprocessing pipeline
2022-01-12 15:27:12,573:INFO:Preprocessing pipeline created successfully
2022-01-12 15:27:12,573:ERROR:(Process Exit): setup has been interupted with user command 'quit'. setup must rerun.
2022-01-12 15:27:12,573:INFO:Creating global containers
2022-01-12 15:27:12,573:INFO:Internal pipeline: Pipeline(memory=None, steps=[('empty_step', 'passthrough')], verbose=False)
2022-01-12 15:27:12,696:WARNING:Couldn't import xgboost.XGBClassifier
2022-01-12 15:27:12,697:WARNING:Couldn't import catboost.CatBoostClassifier
2022-01-12 15:27:12,769:WARNING:Couldn't import xgboost.XGBClassifier
2022-01-12 15:27:12,770:WARNING:Couldn't import catboost.CatBoostClassifier
2022-01-12 15:27:12,770:INFO:Creating grid variables
2022-01-12 15:27:12,779:INFO:create_model_container: 0
2022-01-12 15:27:12,779:INFO:master_model_container: 0
2022-01-12 15:27:12,779:INFO:display_container: 1
2022-01-12 15:27:12,780:INFO:Pipeline(memory=None,
         steps=[('dtypes',
                 DataTypes_Auto_infer(categorical_features=[],
                                      display_types=False, features_todrop=[],
                                      id_columns=[],
                                      ml_usecase='classification',
                                      numerical_features=[], target='survived',
                                      time_features=[]))],
         verbose=False)
2022-01-12 15:27:12,780:INFO:setup() succesfully completed......................................
2022-01-12 15:27:12,895:INFO:Initializing create_model()
2022-01-12 15:27:12,896:INFO:create_model(estimator=rf, fold=None, round=4, cross_validation=True, predict=True, fit_kwargs=None, groups=None, refit=True, verbose=True, system=True, metrics=None, add_to_model_list=True, probability_threshold=None, display=None, kwargs={})
2022-01-12 15:27:12,896:INFO:Checking exceptions
2022-01-12 15:27:12,896:INFO:Preparing display monitor
2022-01-12 15:27:12,913:INFO:Importing libraries
2022-01-12 15:27:12,913:INFO:Copying training dataset
2022-01-12 15:27:12,913:INFO:Defining folds
2022-01-12 15:27:12,914:INFO:Declaring metric variables
2022-01-12 15:27:12,920:INFO:Importing untrained model
2022-01-12 15:27:12,928:INFO:Random Forest Classifier Imported succesfully
2022-01-12 15:27:12,942:INFO:Starting cross validation
2022-01-12 15:27:12,942:INFO:Cross validating with StratifiedKFold(n_splits=10, random_state=None, shuffle=False), n_jobs=-1
2022-01-12 15:27:15,773:INFO:Calculating mean and std
2022-01-12 15:27:15,774:INFO:Creating metrics dataframe
2022-01-12 15:27:15,790:INFO:Finalizing model
2022-01-12 15:27:16,067:INFO:Uploading results into container
2022-01-12 15:27:16,067:INFO:Uploading model into container now
2022-01-12 15:27:16,076:INFO:create_model_container: 1
2022-01-12 15:27:16,077:INFO:master_model_container: 1
2022-01-12 15:27:16,077:INFO:display_container: 2
2022-01-12 15:27:16,077:INFO:RandomForestClassifier(bootstrap=True, ccp_alpha=0.0, class_weight=None,
                       criterion='gini', max_depth=None, max_features='auto',
                       max_leaf_nodes=None, max_samples=None,
                       min_impurity_decrease=0.0, min_impurity_split=None,
                       min_samples_leaf=1, min_samples_split=2,
                       min_weight_fraction_leaf=0.0, n_estimators=100,
                       n_jobs=-1, oob_score=False, random_state=123, verbose=0,
                       warm_start=False)
2022-01-12 15:27:16,077:INFO:create_model() succesfully completed......................................
2022-01-12 15:27:16,189:INFO:Initializing tune_model()
2022-01-12 15:27:16,189:INFO:tune_model(estimator=RandomForestClassifier(bootstrap=True, ccp_alpha=0.0, class_weight=None,
                       criterion='gini', max_depth=None, max_features='auto',
                       max_leaf_nodes=None, max_samples=None,
                       min_impurity_decrease=0.0, min_impurity_split=None,
                       min_samples_leaf=1, min_samples_split=2,
                       min_weight_fraction_leaf=0.0, n_estimators=100,
                       n_jobs=-1, oob_score=False, random_state=123, verbose=0,
                       warm_start=False), fold=None, round=4, n_iter=10, custom_grid=None, optimize=Accuracy, custom_scorer=None, search_library=scikit-learn, search_algorithm=None, early_stopping=True, early_stopping_max_iters=10, choose_better=False, fit_kwargs=None, groups=None, return_tuner=False, verbose=True, tuner_verbose=True, display=None, kwargs={})
2022-01-12 15:27:16,189:INFO:Checking exceptions
2022-01-12 15:27:16,189:INFO:Preparing display monitor
2022-01-12 15:27:16,201:INFO:Copying training dataset
2022-01-12 15:27:16,202:INFO:Checking base model
2022-01-12 15:27:16,202:INFO:Base model : Random Forest Classifier
2022-01-12 15:27:16,208:INFO:Declaring metric variables
2022-01-12 15:27:16,214:INFO:Defining Hyperparameters
2022-01-12 15:27:16,326:INFO:Tuning with n_jobs=-1
2022-01-12 15:27:16,326:INFO:Initializing RandomizedSearchCV
2022-01-12 15:27:20,745:INFO:best_params: {'actual_estimator__n_estimators': 190, 'actual_estimator__min_samples_split': 9, 'actual_estimator__min_samples_leaf': 6, 'actual_estimator__min_impurity_decrease': 0.001, 'actual_estimator__max_features': 'log2', 'actual_estimator__max_depth': 6, 'actual_estimator__criterion': 'gini', 'actual_estimator__class_weight': 'balanced_subsample', 'actual_estimator__bootstrap': False}
2022-01-12 15:27:20,745:INFO:Hyperparameter search completed
2022-01-12 15:27:20,746:INFO:SubProcess create_model() called ==================================
2022-01-12 15:27:20,747:INFO:Initializing create_model()
2022-01-12 15:27:20,747:INFO:create_model(estimator=RandomForestClassifier(bootstrap=True, ccp_alpha=0.0, class_weight=None,
                       criterion='gini', max_depth=None, max_features='auto',
                       max_leaf_nodes=None, max_samples=None,
                       min_impurity_decrease=0.0, min_impurity_split=None,
                       min_samples_leaf=1, min_samples_split=2,
                       min_weight_fraction_leaf=0.0, n_estimators=100,
                       n_jobs=-1, oob_score=False, random_state=123, verbose=0,
                       warm_start=False), fold=StratifiedKFold(n_splits=10, random_state=None, shuffle=False), round=4, cross_validation=True, predict=True, fit_kwargs={}, groups=None, refit=True, verbose=True, system=False, metrics=None, add_to_model_list=True, probability_threshold=None, display=<pycaret.internal.Display.Display object at 0x7fe09c4ea880>, kwargs={'n_estimators': 190, 'min_samples_split': 9, 'min_samples_leaf': 6, 'min_impurity_decrease': 0.001, 'max_features': 'log2', 'max_depth': 6, 'criterion': 'gini', 'class_weight': 'balanced_subsample', 'bootstrap': False})
2022-01-12 15:27:20,747:INFO:Checking exceptions
2022-01-12 15:27:20,747:INFO:Importing libraries
2022-01-12 15:27:20,747:INFO:Copying training dataset
2022-01-12 15:27:20,748:INFO:Defining folds
2022-01-12 15:27:20,748:INFO:Declaring metric variables
2022-01-12 15:27:20,761:INFO:Importing untrained model
2022-01-12 15:27:20,761:INFO:Declaring custom model
2022-01-12 15:27:20,778:INFO:Random Forest Classifier Imported succesfully
2022-01-12 15:27:20,809:INFO:Starting cross validation
2022-01-12 15:27:20,810:INFO:Cross validating with StratifiedKFold(n_splits=10, random_state=None, shuffle=False), n_jobs=-1
2022-01-12 15:27:21,406:INFO:Calculating mean and std
2022-01-12 15:27:21,407:INFO:Creating metrics dataframe
2022-01-12 15:27:21,415:INFO:Finalizing model
2022-01-12 15:27:21,910:INFO:Uploading results into container
2022-01-12 15:27:21,911:INFO:Uploading model into container now
2022-01-12 15:27:21,911:INFO:create_model_container: 2
2022-01-12 15:27:21,911:INFO:master_model_container: 2
2022-01-12 15:27:21,911:INFO:display_container: 3
2022-01-12 15:27:21,912:INFO:RandomForestClassifier(bootstrap=False, ccp_alpha=0.0,
                       class_weight='balanced_subsample', criterion='gini',
                       max_depth=6, max_features='log2', max_leaf_nodes=None,
                       max_samples=None, min_impurity_decrease=0.001,
                       min_impurity_split=None, min_samples_leaf=6,
                       min_samples_split=9, min_weight_fraction_leaf=0.0,
                       n_estimators=190, n_jobs=-1, oob_score=False,
                       random_state=123, verbose=0, warm_start=False)
2022-01-12 15:27:21,912:INFO:create_model() succesfully completed......................................
2022-01-12 15:27:22,032:INFO:SubProcess create_model() end ==================================
2022-01-12 15:27:22,041:INFO:create_model_container: 2
2022-01-12 15:27:22,041:INFO:master_model_container: 2
2022-01-12 15:27:22,042:INFO:display_container: 3
2022-01-12 15:27:22,042:INFO:RandomForestClassifier(bootstrap=False, ccp_alpha=0.0,
                       class_weight='balanced_subsample', criterion='gini',
                       max_depth=6, max_features='log2', max_leaf_nodes=None,
                       max_samples=None, min_impurity_decrease=0.001,
                       min_impurity_split=None, min_samples_leaf=6,
                       min_samples_split=9, min_weight_fraction_leaf=0.0,
                       n_estimators=190, n_jobs=-1, oob_score=False,
                       random_state=123, verbose=0, warm_start=False)
2022-01-12 15:27:22,042:INFO:tune_model() succesfully completed......................................
2022-01-12 15:27:22,158:INFO:Initializing interpret_model()
2022-01-12 15:27:22,158:INFO:interpret_model(estimator=RandomForestClassifier(bootstrap=True, ccp_alpha=0.0, class_weight=None,
                       criterion='gini', max_depth=None, max_features='auto',
                       max_leaf_nodes=None, max_samples=None,
                       min_impurity_decrease=0.0, min_impurity_split=None,
                       min_samples_leaf=1, min_samples_split=2,
                       min_weight_fraction_leaf=0.0, n_estimators=100,
                       n_jobs=-1, oob_score=False, random_state=123, verbose=0,
                       warm_start=False), use_train_data=False, X_new_sample=None, y_new_sample=None, feature=None, kwargs={}, observation=None, plot=summary, save=False)
2022-01-12 15:27:22,158:INFO:Checking exceptions
2022-01-12 15:27:22,158:INFO:plot type: summary
2022-01-12 15:27:22,158:INFO:Creating TreeExplainer
2022-01-12 15:27:22,165:INFO:Compiling shap values
2022-01-12 15:27:24,535:INFO:Visual Rendered Successfully
2022-01-12 15:27:24,535:INFO:interpret_model() succesfully completed......................................
2022-01-12 15:27:24,653:INFO:Initializing interpret_model()
2022-01-12 15:27:24,653:INFO:interpret_model(estimator=RandomForestClassifier(bootstrap=True, ccp_alpha=0.0, class_weight=None,
                       criterion='gini', max_depth=None, max_features='auto',
                       max_leaf_nodes=None, max_samples=None,
                       min_impurity_decrease=0.0, min_impurity_split=None,
                       min_samples_leaf=1, min_samples_split=2,
                       min_weight_fraction_leaf=0.0, n_estimators=100,
                       n_jobs=-1, oob_score=False, random_state=123, verbose=0,
                       warm_start=False), use_train_data=False, X_new_sample=None, y_new_sample=None, feature=None, kwargs={}, observation=None, plot=reason, save=False)
2022-01-12 15:27:24,653:INFO:Checking exceptions
2022-01-12 15:27:24,654:INFO:plot type: reason
2022-01-12 15:27:24,654:INFO:model type detected: type 1
2022-01-12 15:27:24,654:INFO:Creating TreeExplainer
2022-01-12 15:27:24,662:INFO:Compiling shap values
2022-01-12 15:27:24,662:WARNING:Observation set to None. Model agnostic plot will be rendered.
2022-01-12 15:27:26,706:INFO:Visual Rendered Successfully
2022-01-12 15:27:26,707:INFO:interpret_model() succesfully completed......................................
2022-01-12 17:50:11,326:INFO:Initializing interpret_model()
2022-01-12 17:50:11,326:INFO:interpret_model(estimator=RandomForestClassifier(bootstrap=True, ccp_alpha=0.0, class_weight=None,
                       criterion='gini', max_depth=None, max_features='auto',
                       max_leaf_nodes=None, max_samples=None,
                       min_impurity_decrease=0.0, min_impurity_split=None,
                       min_samples_leaf=1, min_samples_split=2,
                       min_weight_fraction_leaf=0.0, n_estimators=100,
                       n_jobs=-1, oob_score=False, random_state=123, verbose=0,
                       warm_start=False), use_train_data=False, X_new_sample=None, y_new_sample=None, feature=None, kwargs={}, observation=None, plot=reason, save=False)
2022-01-12 17:50:11,326:INFO:Checking exceptions
2022-01-12 17:50:11,326:INFO:plot type: reason
2022-01-12 17:50:11,326:INFO:model type detected: type 1
2022-01-12 17:50:11,326:INFO:Creating TreeExplainer
2022-01-12 17:50:11,338:INFO:Compiling shap values
2022-01-12 17:50:11,339:WARNING:Observation set to None. Model agnostic plot will be rendered.
2022-01-12 17:50:13,507:INFO:Visual Rendered Successfully
2022-01-12 17:50:13,507:INFO:interpret_model() succesfully completed......................................
2022-01-12 18:01:25,589:INFO:PyCaret Supervised Module
2022-01-12 18:01:25,589:INFO:ML Usecase: classification
2022-01-12 18:01:25,589:INFO:version 2.3.5
2022-01-12 18:01:25,589:INFO:Initializing setup()
2022-01-12 18:01:25,589:INFO:setup(target=survived, ml_usecase=classification, available_plots={'parameter': 'Hyperparameters', 'auc': 'AUC', 'confusion_matrix': 'Confusion Matrix', 'threshold': 'Threshold', 'pr': 'Precision Recall', 'error': 'Prediction Error', 'class_report': 'Class Report', 'rfe': 'Feature Selection', 'learning': 'Learning Curve', 'manifold': 'Manifold Learning', 'calibration': 'Calibration Curve', 'vc': 'Validation Curve', 'dimension': 'Dimensions', 'feature': 'Feature Importance', 'feature_all': 'Feature Importance (All)', 'boundary': 'Decision Boundary', 'lift': 'Lift Chart', 'gain': 'Gain Chart', 'tree': 'Decision Tree', 'ks': 'KS Statistic Plot'}, train_size=0.7, test_data=None, preprocess=False, imputation_type=simple, iterative_imputation_iters=5, categorical_features=None, categorical_imputation=constant, categorical_iterative_imputer=lightgbm, ordinal_features=None, high_cardinality_features=None, high_cardinality_method=frequency, numeric_features=None, numeric_imputation=mean, numeric_iterative_imputer=lightgbm, date_features=None, ignore_features=None, normalize=False, normalize_method=zscore, transformation=False, transformation_method=yeo-johnson, handle_unknown_categorical=True, unknown_categorical_method=least_frequent, pca=False, pca_method=linear, pca_components=None, ignore_low_variance=False, combine_rare_levels=False, rare_level_threshold=0.1, bin_numeric_features=None, remove_outliers=False, outliers_threshold=0.05, remove_multicollinearity=False, multicollinearity_threshold=0.9, remove_perfect_collinearity=True, create_clusters=False, cluster_iter=20, polynomial_features=False, polynomial_degree=2, trigonometry_features=False, polynomial_threshold=0.1, group_features=None, group_names=None, feature_selection=False, feature_selection_threshold=0.8, feature_selection_method=classic, feature_interaction=False, feature_ratio=False, interaction_threshold=0.01, fix_imbalance=False, fix_imbalance_method=None, transform_target=False, transform_target_method=box-cox, data_split_shuffle=True, data_split_stratify=False, fold_strategy=stratifiedkfold, fold=10, fold_shuffle=False, fold_groups=None, n_jobs=-1, use_gpu=False, custom_pipeline=None, html=True, session_id=123, log_experiment=False, experiment_name=None, log_plots=False, log_profile=False, log_data=False, silent=True, verbose=True, profile=False, profile_kwargs=None, display=None)
2022-01-12 18:01:25,589:INFO:Checking environment
2022-01-12 18:01:25,589:INFO:python_version: 3.8.12
2022-01-12 18:01:25,589:INFO:python_build: ('default', 'Oct 12 2021 21:59:51')
2022-01-12 18:01:25,589:INFO:machine: x86_64
2022-01-12 18:01:25,589:INFO:platform: Linux-5.15.12-100.fc34.x86_64-x86_64-with-glibc2.10
2022-01-12 18:01:25,589:INFO:Memory: svmem(total=16094121984, available=11272847360, percent=30.0, used=4307484672, free=4206243840, active=2947891200, inactive=8247521280, buffers=2772992, cached=7577620480, shared=178102272, slab=340873216)
2022-01-12 18:01:25,590:INFO:Physical Core: 6
2022-01-12 18:01:25,590:INFO:Logical Core: 12
2022-01-12 18:01:25,590:INFO:Checking libraries
2022-01-12 18:01:25,590:INFO:pd==1.3.4
2022-01-12 18:01:25,590:INFO:numpy==1.19.5
2022-01-12 18:01:25,590:INFO:sklearn==0.23.2
2022-01-12 18:01:25,590:INFO:lightgbm==3.3.1
2022-01-12 18:01:25,590:WARNING:catboost not found
2022-01-12 18:01:25,590:WARNING:xgboost not found
2022-01-12 18:01:25,765:INFO:mlflow==1.22.0
2022-01-12 18:01:25,765:INFO:Checking Exceptions
2022-01-12 18:01:25,765:INFO:Declaring global variables
2022-01-12 18:01:25,765:INFO:USI: 805c
2022-01-12 18:01:25,765:INFO:pycaret_globals: {'_all_models_internal', 'y_test', 'X', 'fold_groups_param', 'create_model_container', 'fix_imbalance_method_param', 'fold_generator', 'seed', 'iterative_imputation_iters_param', 'fold_groups_param_full', 'transform_target_param', 'pycaret_globals', '_all_metrics', 'USI', '_gpu_n_jobs_param', 'exp_name_log', 'data_before_preprocess', 'master_model_container', 'prep_pipe', 'html_param', 'log_plots_param', 'fold_param', '_available_plots', 'fix_imbalance_param', 'target_param', 'imputation_regressor', '_internal_pipeline', 'y', 'X_train', 'X_test', 'transform_target_method_param', '_all_models', 'stratify_param', 'gpu_param', 'display_container', 'experiment__', 'imputation_classifier', '_ml_usecase', 'fold_shuffle_param', 'n_jobs_param', 'y_train', 'logging_param'}
2022-01-12 18:01:25,765:INFO:Preparing display monitor
2022-01-12 18:01:25,765:INFO:Preparing display monitor
2022-01-12 18:01:25,775:INFO:Importing libraries
2022-01-12 18:01:25,775:INFO:Copying data for preprocessing
2022-01-12 18:01:25,781:INFO:Declaring preprocessing parameters
2022-01-12 18:01:25,782:INFO:Creating preprocessing pipeline
2022-01-12 18:01:25,786:INFO:Preprocessing pipeline created successfully
2022-01-12 18:01:25,786:ERROR:(Process Exit): setup has been interupted with user command 'quit'. setup must rerun.
2022-01-12 18:01:25,786:INFO:Creating global containers
2022-01-12 18:01:25,787:INFO:Internal pipeline: Pipeline(memory=None, steps=[('empty_step', 'passthrough')], verbose=False)
2022-01-12 18:01:25,899:WARNING:Couldn't import xgboost.XGBClassifier
2022-01-12 18:01:25,900:WARNING:Couldn't import catboost.CatBoostClassifier
2022-01-12 18:01:25,968:WARNING:Couldn't import xgboost.XGBClassifier
2022-01-12 18:01:25,968:WARNING:Couldn't import catboost.CatBoostClassifier
2022-01-12 18:01:25,968:INFO:Creating grid variables
2022-01-12 18:01:25,976:INFO:create_model_container: 0
2022-01-12 18:01:25,977:INFO:master_model_container: 0
2022-01-12 18:01:25,977:INFO:display_container: 1
2022-01-12 18:01:25,978:INFO:Pipeline(memory=None,
         steps=[('dtypes',
                 DataTypes_Auto_infer(categorical_features=[],
                                      display_types=False, features_todrop=[],
                                      id_columns=[],
                                      ml_usecase='classification',
                                      numerical_features=[], target='survived',
                                      time_features=[]))],
         verbose=False)
2022-01-12 18:01:25,978:INFO:setup() succesfully completed......................................
2022-01-12 18:01:26,055:INFO:Initializing create_model()
2022-01-12 18:01:26,055:INFO:create_model(estimator=rf, fold=None, round=4, cross_validation=True, predict=True, fit_kwargs=None, groups=None, refit=True, verbose=True, system=True, metrics=None, add_to_model_list=True, probability_threshold=None, display=None, kwargs={})
2022-01-12 18:01:26,055:INFO:Checking exceptions
2022-01-12 18:01:26,056:INFO:Preparing display monitor
2022-01-12 18:01:26,075:INFO:Importing libraries
2022-01-12 18:01:26,075:INFO:Copying training dataset
2022-01-12 18:01:26,076:INFO:Defining folds
2022-01-12 18:01:26,076:INFO:Declaring metric variables
2022-01-12 18:01:26,083:INFO:Importing untrained model
2022-01-12 18:01:26,090:INFO:Random Forest Classifier Imported succesfully
2022-01-12 18:01:26,105:INFO:Starting cross validation
2022-01-12 18:01:26,105:INFO:Cross validating with StratifiedKFold(n_splits=10, random_state=None, shuffle=False), n_jobs=-1
2022-01-12 18:01:28,927:INFO:Calculating mean and std
2022-01-12 18:01:28,928:INFO:Creating metrics dataframe
2022-01-12 18:01:28,944:INFO:Finalizing model
2022-01-12 18:01:29,221:INFO:Uploading results into container
2022-01-12 18:01:29,221:INFO:Uploading model into container now
2022-01-12 18:01:29,241:INFO:create_model_container: 1
2022-01-12 18:01:29,241:INFO:master_model_container: 1
2022-01-12 18:01:29,241:INFO:display_container: 2
2022-01-12 18:01:29,242:INFO:RandomForestClassifier(bootstrap=True, ccp_alpha=0.0, class_weight=None,
                       criterion='gini', max_depth=None, max_features='auto',
                       max_leaf_nodes=None, max_samples=None,
                       min_impurity_decrease=0.0, min_impurity_split=None,
                       min_samples_leaf=1, min_samples_split=2,
                       min_weight_fraction_leaf=0.0, n_estimators=100,
                       n_jobs=-1, oob_score=False, random_state=123, verbose=0,
                       warm_start=False)
2022-01-12 18:01:29,242:INFO:create_model() succesfully completed......................................
2022-01-12 18:01:29,337:INFO:Initializing tune_model()
2022-01-12 18:01:29,337:INFO:tune_model(estimator=RandomForestClassifier(bootstrap=True, ccp_alpha=0.0, class_weight=None,
                       criterion='gini', max_depth=None, max_features='auto',
                       max_leaf_nodes=None, max_samples=None,
                       min_impurity_decrease=0.0, min_impurity_split=None,
                       min_samples_leaf=1, min_samples_split=2,
                       min_weight_fraction_leaf=0.0, n_estimators=100,
                       n_jobs=-1, oob_score=False, random_state=123, verbose=0,
                       warm_start=False), fold=None, round=4, n_iter=10, custom_grid=None, optimize=Accuracy, custom_scorer=None, search_library=scikit-learn, search_algorithm=None, early_stopping=True, early_stopping_max_iters=10, choose_better=False, fit_kwargs=None, groups=None, return_tuner=False, verbose=True, tuner_verbose=True, display=None, kwargs={})
2022-01-12 18:01:29,337:INFO:Checking exceptions
2022-01-12 18:01:29,338:INFO:Preparing display monitor
2022-01-12 18:01:29,354:INFO:Copying training dataset
2022-01-12 18:01:29,355:INFO:Checking base model
2022-01-12 18:01:29,355:INFO:Base model : Random Forest Classifier
2022-01-12 18:01:29,362:INFO:Declaring metric variables
2022-01-12 18:01:29,368:INFO:Defining Hyperparameters
2022-01-12 18:01:29,440:INFO:Tuning with n_jobs=-1
2022-01-12 18:01:29,440:INFO:Initializing RandomizedSearchCV
2022-01-12 18:01:33,797:INFO:best_params: {'actual_estimator__n_estimators': 190, 'actual_estimator__min_samples_split': 9, 'actual_estimator__min_samples_leaf': 6, 'actual_estimator__min_impurity_decrease': 0.001, 'actual_estimator__max_features': 'log2', 'actual_estimator__max_depth': 6, 'actual_estimator__criterion': 'gini', 'actual_estimator__class_weight': 'balanced_subsample', 'actual_estimator__bootstrap': False}
2022-01-12 18:01:33,798:INFO:Hyperparameter search completed
2022-01-12 18:01:33,798:INFO:SubProcess create_model() called ==================================
2022-01-12 18:01:33,799:INFO:Initializing create_model()
2022-01-12 18:01:33,799:INFO:create_model(estimator=RandomForestClassifier(bootstrap=True, ccp_alpha=0.0, class_weight=None,
                       criterion='gini', max_depth=None, max_features='auto',
                       max_leaf_nodes=None, max_samples=None,
                       min_impurity_decrease=0.0, min_impurity_split=None,
                       min_samples_leaf=1, min_samples_split=2,
                       min_weight_fraction_leaf=0.0, n_estimators=100,
                       n_jobs=-1, oob_score=False, random_state=123, verbose=0,
                       warm_start=False), fold=StratifiedKFold(n_splits=10, random_state=None, shuffle=False), round=4, cross_validation=True, predict=True, fit_kwargs={}, groups=None, refit=True, verbose=True, system=False, metrics=None, add_to_model_list=True, probability_threshold=None, display=<pycaret.internal.Display.Display object at 0x7fce31b3e940>, kwargs={'n_estimators': 190, 'min_samples_split': 9, 'min_samples_leaf': 6, 'min_impurity_decrease': 0.001, 'max_features': 'log2', 'max_depth': 6, 'criterion': 'gini', 'class_weight': 'balanced_subsample', 'bootstrap': False})
2022-01-12 18:01:33,799:INFO:Checking exceptions
2022-01-12 18:01:33,800:INFO:Importing libraries
2022-01-12 18:01:33,800:INFO:Copying training dataset
2022-01-12 18:01:33,801:INFO:Defining folds
2022-01-12 18:01:33,801:INFO:Declaring metric variables
2022-01-12 18:01:33,817:INFO:Importing untrained model
2022-01-12 18:01:33,817:INFO:Declaring custom model
2022-01-12 18:01:33,832:INFO:Random Forest Classifier Imported succesfully
2022-01-12 18:01:33,859:INFO:Starting cross validation
2022-01-12 18:01:33,860:INFO:Cross validating with StratifiedKFold(n_splits=10, random_state=None, shuffle=False), n_jobs=-1
2022-01-12 18:01:34,470:INFO:Calculating mean and std
2022-01-12 18:01:34,471:INFO:Creating metrics dataframe
2022-01-12 18:01:34,479:INFO:Finalizing model
2022-01-12 18:01:34,990:INFO:Uploading results into container
2022-01-12 18:01:34,991:INFO:Uploading model into container now
2022-01-12 18:01:34,991:INFO:create_model_container: 2
2022-01-12 18:01:34,991:INFO:master_model_container: 2
2022-01-12 18:01:34,991:INFO:display_container: 3
2022-01-12 18:01:34,991:INFO:RandomForestClassifier(bootstrap=False, ccp_alpha=0.0,
                       class_weight='balanced_subsample', criterion='gini',
                       max_depth=6, max_features='log2', max_leaf_nodes=None,
                       max_samples=None, min_impurity_decrease=0.001,
                       min_impurity_split=None, min_samples_leaf=6,
                       min_samples_split=9, min_weight_fraction_leaf=0.0,
                       n_estimators=190, n_jobs=-1, oob_score=False,
                       random_state=123, verbose=0, warm_start=False)
2022-01-12 18:01:34,991:INFO:create_model() succesfully completed......................................
2022-01-12 18:01:35,070:INFO:SubProcess create_model() end ==================================
2022-01-12 18:01:35,080:INFO:create_model_container: 2
2022-01-12 18:01:35,080:INFO:master_model_container: 2
2022-01-12 18:01:35,081:INFO:display_container: 3
2022-01-12 18:01:35,081:INFO:RandomForestClassifier(bootstrap=False, ccp_alpha=0.0,
                       class_weight='balanced_subsample', criterion='gini',
                       max_depth=6, max_features='log2', max_leaf_nodes=None,
                       max_samples=None, min_impurity_decrease=0.001,
                       min_impurity_split=None, min_samples_leaf=6,
                       min_samples_split=9, min_weight_fraction_leaf=0.0,
                       n_estimators=190, n_jobs=-1, oob_score=False,
                       random_state=123, verbose=0, warm_start=False)
2022-01-12 18:01:35,081:INFO:tune_model() succesfully completed......................................
2022-01-12 18:01:35,154:INFO:Initializing interpret_model()
2022-01-12 18:01:35,154:INFO:interpret_model(estimator=RandomForestClassifier(bootstrap=True, ccp_alpha=0.0, class_weight=None,
                       criterion='gini', max_depth=None, max_features='auto',
                       max_leaf_nodes=None, max_samples=None,
                       min_impurity_decrease=0.0, min_impurity_split=None,
                       min_samples_leaf=1, min_samples_split=2,
                       min_weight_fraction_leaf=0.0, n_estimators=100,
                       n_jobs=-1, oob_score=False, random_state=123, verbose=0,
                       warm_start=False), use_train_data=False, X_new_sample=None, y_new_sample=None, feature=None, kwargs={}, observation=None, plot=summary, save=False)
2022-01-12 18:01:35,154:INFO:Checking exceptions
2022-01-12 18:01:35,214:INFO:plot type: summary
2022-01-12 18:01:35,214:INFO:Creating TreeExplainer
2022-01-12 18:01:35,219:INFO:Compiling shap values
2022-01-12 18:01:37,547:INFO:Visual Rendered Successfully
2022-01-12 18:01:37,547:INFO:interpret_model() succesfully completed......................................
